<?xml version="1.0" encoding="UTF-8"?>
<!-- Generated by org.testng.reporters.JUnitXMLReporter -->
<testsuite ignored="0" hostname="DESKTOP-FUUP9R2" failures="0" tests="2" name="TestRunner3" time="67.489" errors="0" timestamp="2021-12-09T12:03:45 IST">
  <testcase classname="com.Vtiger.TC.POMTC_003_CreateContactWithOrganisationTest" name="createcontact" time="23.834"/>
  <testcase classname="com.Vtiger.TC.POMTC_003_CreateContactWithOrganisationTest" name="createcontactwithOrg" time="21.344"/>
</testsuite> <!-- TestRunner3 -->
