<?xml version="1.0" encoding="UTF-8"?>
<!-- Generated by org.testng.reporters.JUnitXMLReporter -->
<testsuite ignored="7" hostname="DESKTOP-FUUP9R2" failures="0" tests="2" name="Test" time="65.219" errors="0" timestamp="2021-12-16T11:08:49 IST">
  <testcase classname="com.Vtiger.TC.POMTC_003_CreateContactWithOrganisationTest" name="createcontact" time="22.29"/>
  <testcase classname="com.Vtiger.TC.POMTC_001_CreateOraganizationTest" name="creteOrg" time="17.104"/>
  <testcase classname="com.Vtiger.genericLib.BaseTest" name="@AfterSuite disconnect" time="0.0">
    <ignored/>
  </testcase> <!-- @AfterSuite disconnect -->
  <testcase classname="com.Vtiger.genericLib.BaseTest" name="@AfterSuite disconnect" time="0.0">
    <ignored/>
  </testcase> <!-- @AfterSuite disconnect -->
  <testcase classname="com.Vtiger.TC.POMTC_003_CreateContactWithOrganisationTest" name="createcontactwithOrg" time="0.0">
    <ignored/>
  </testcase> <!-- createcontactwithOrg -->
  <testcase classname="com.Vtiger.genericLib.BaseTest" name="@BeforeSuite connectToDB" time="0.0">
    <ignored/>
  </testcase> <!-- @BeforeSuite connectToDB -->
  <testcase classname="com.Vtiger.genericLib.BaseTest" name="@BeforeSuite connectToDB" time="0.0">
    <ignored/>
  </testcase> <!-- @BeforeSuite connectToDB -->
  <testcase classname="com.Vtiger.TC.POMTC_002_CreateOrganizationDropdownTest" name="createorgwithdd" time="0.0">
    <ignored/>
  </testcase> <!-- createorgwithdd -->
  <testcase classname="com.Vtiger.TC.POMTC_001_CreateOraganizationTest" name="createorgwithphonenumber" time="0.0">
    <ignored/>
  </testcase> <!-- createorgwithphonenumber -->
</testsuite> <!-- Test -->
