<?xml version="1.0" encoding="UTF-8"?>
<testng-results ignored="0" total="1" passed="1" failed="0" skipped="0">
  <reporter-output>
  </reporter-output>
  <suite started-at="2021-12-10T19:16:00 IST" name="Default suite" finished-at="2021-12-10T19:16:01 IST" duration-ms="348">
    <groups>
    </groups>
    <test started-at="2021-12-10T19:16:00 IST" name="Default test" finished-at="2021-12-10T19:16:01 IST" duration-ms="348">
      <class name="jdbc_practise.ExecuteQueryTest">
        <test-method signature="executeQuery()[pri:0, instance:jdbc_practise.ExecuteQueryTest@593aaf41]" started-at="2021-12-10T19:16:00 IST" name="executeQuery" finished-at="2021-12-10T19:16:01 IST" duration-ms="298" status="PASS">
          <reporter-output>
          </reporter-output>
        </test-method> <!-- executeQuery -->
      </class> <!-- jdbc_practise.ExecuteQueryTest -->
    </test> <!-- Default test -->
  </suite> <!-- Default suite -->
</testng-results>
