<?xml version="1.0" encoding="UTF-8"?>
<testng-results ignored="7" total="9" passed="2" failed="0" skipped="0">
  <reporter-output>
  </reporter-output>
  <suite started-at="2021-12-16T11:07:44 IST" name="Suite" finished-at="2021-12-16T11:08:49 IST" duration-ms="65219">
    <groups>
      <group name="Smoke Test">
        <method signature="POMTC_001_CreateOraganizationTest.creteOrg()[pri:0, instance:com.Vtiger.TC.POMTC_001_CreateOraganizationTest@3646a422]" name="creteOrg" class="com.Vtiger.TC.POMTC_001_CreateOraganizationTest"/>
        <method signature="POMTC_003_CreateContactWithOrganisationTest.createcontact()[pri:0, instance:com.Vtiger.TC.POMTC_003_CreateContactWithOrganisationTest@2892d68]" name="createcontact" class="com.Vtiger.TC.POMTC_003_CreateContactWithOrganisationTest"/>
      </group> <!-- Smoke Test -->
    </groups>
    <test started-at="2021-12-16T11:07:44 IST" name="Test" finished-at="2021-12-16T11:08:49 IST" duration-ms="65219">
      <class name="com.Vtiger.TC.POMTC_003_CreateContactWithOrganisationTest">
        <test-method is-config="true" signature="launchBrowserAndGetURL()[pri:0, instance:com.Vtiger.TC.POMTC_003_CreateContactWithOrganisationTest@2892d68]" started-at="2021-12-16T11:07:44 IST" name="launchBrowserAndGetURL" finished-at="2021-12-16T11:07:47 IST" duration-ms="3366" status="PASS">
          <reporter-output>
          </reporter-output>
        </test-method> <!-- launchBrowserAndGetURL -->
        <test-method is-config="true" signature="logintoApp()[pri:0, instance:com.Vtiger.TC.POMTC_003_CreateContactWithOrganisationTest@2892d68]" started-at="2021-12-16T11:07:47 IST" name="logintoApp" finished-at="2021-12-16T11:07:50 IST" duration-ms="3272" status="PASS">
          <reporter-output>
          </reporter-output>
        </test-method> <!-- logintoApp -->
        <test-method signature="createcontact()[pri:0, instance:com.Vtiger.TC.POMTC_003_CreateContactWithOrganisationTest@2892d68]" started-at="2021-12-16T11:07:50 IST" name="createcontact" finished-at="2021-12-16T11:08:13 IST" duration-ms="22290" status="PASS">
          <reporter-output>
          </reporter-output>
        </test-method> <!-- createcontact -->
        <test-method is-config="true" signature="logoutFromApp()[pri:0, instance:com.Vtiger.TC.POMTC_003_CreateContactWithOrganisationTest@2892d68]" started-at="2021-12-16T11:08:13 IST" name="logoutFromApp" finished-at="2021-12-16T11:08:16 IST" duration-ms="3535" status="PASS">
          <reporter-output>
          </reporter-output>
        </test-method> <!-- logoutFromApp -->
        <test-method is-config="true" signature="closeBrowser()[pri:0, instance:com.Vtiger.TC.POMTC_003_CreateContactWithOrganisationTest@2892d68]" started-at="2021-12-16T11:08:16 IST" name="closeBrowser" finished-at="2021-12-16T11:08:19 IST" duration-ms="3081" status="PASS">
          <reporter-output>
          </reporter-output>
        </test-method> <!-- closeBrowser -->
      </class> <!-- com.Vtiger.TC.POMTC_003_CreateContactWithOrganisationTest -->
      <class name="com.Vtiger.TC.POMTC_002_CreateOrganizationDropdownTest">
        <test-method is-config="true" signature="connectToDB()[pri:0, instance:com.Vtiger.TC.POMTC_002_CreateOrganizationDropdownTest@1a6d8329]" started-at="2021-12-16T11:07:44 IST" name="connectToDB" finished-at="2021-12-16T11:07:44 IST" duration-ms="9" status="PASS">
          <reporter-output>
          </reporter-output>
        </test-method> <!-- connectToDB -->
        <test-method is-config="true" signature="disconnect()[pri:0, instance:com.Vtiger.TC.POMTC_002_CreateOrganizationDropdownTest@1a6d8329]" started-at="2021-12-16T11:08:49 IST" name="disconnect" finished-at="2021-12-16T11:08:49 IST" duration-ms="3" status="PASS">
          <reporter-output>
          </reporter-output>
        </test-method> <!-- disconnect -->
      </class> <!-- com.Vtiger.TC.POMTC_002_CreateOrganizationDropdownTest -->
      <class name="com.Vtiger.TC.POMTC_001_CreateOraganizationTest">
        <test-method is-config="true" signature="launchBrowserAndGetURL()[pri:0, instance:com.Vtiger.TC.POMTC_001_CreateOraganizationTest@3646a422]" started-at="2021-12-16T11:08:19 IST" name="launchBrowserAndGetURL" finished-at="2021-12-16T11:08:22 IST" duration-ms="2446" status="PASS">
          <reporter-output>
          </reporter-output>
        </test-method> <!-- launchBrowserAndGetURL -->
        <test-method is-config="true" signature="logintoApp()[pri:0, instance:com.Vtiger.TC.POMTC_001_CreateOraganizationTest@3646a422]" started-at="2021-12-16T11:08:22 IST" name="logintoApp" finished-at="2021-12-16T11:08:25 IST" duration-ms="3486" status="PASS">
          <reporter-output>
          </reporter-output>
        </test-method> <!-- logintoApp -->
        <test-method signature="creteOrg()[pri:0, instance:com.Vtiger.TC.POMTC_001_CreateOraganizationTest@3646a422]" started-at="2021-12-16T11:08:25 IST" name="creteOrg" finished-at="2021-12-16T11:08:42 IST" duration-ms="17104" status="PASS">
          <reporter-output>
          </reporter-output>
        </test-method> <!-- creteOrg -->
        <test-method is-config="true" signature="logoutFromApp()[pri:0, instance:com.Vtiger.TC.POMTC_001_CreateOraganizationTest@3646a422]" started-at="2021-12-16T11:08:42 IST" name="logoutFromApp" finished-at="2021-12-16T11:08:46 IST" duration-ms="3524" status="PASS">
          <reporter-output>
          </reporter-output>
        </test-method> <!-- logoutFromApp -->
        <test-method is-config="true" signature="closeBrowser()[pri:0, instance:com.Vtiger.TC.POMTC_001_CreateOraganizationTest@3646a422]" started-at="2021-12-16T11:08:46 IST" name="closeBrowser" finished-at="2021-12-16T11:08:49 IST" duration-ms="3073" status="PASS">
          <reporter-output>
          </reporter-output>
        </test-method> <!-- closeBrowser -->
      </class> <!-- com.Vtiger.TC.POMTC_001_CreateOraganizationTest -->
    </test> <!-- Test -->
  </suite> <!-- Suite -->
</testng-results>
